0 info it worked if it ends with ok
1 verbose cli [ 'D:\\Program Files (x86)\\nodejs\\\\node.exe',
1 verbose cli   'D:\\Program Files (x86)\\nodejs\\node_modules\\npm\\bin\\npm-cli.js',
1 verbose cli   'run-script',
1 verbose cli   'coveralls' ]
2 info using npm@2.7.4
3 info using node@v0.12.2
4 verbose node symlink D:\Program Files (x86)\nodejs\\node.exe
5 verbose run-script [ 'precoveralls', 'coveralls', 'postcoveralls' ]
6 info precoveralls testBasket@1.0.0
7 info coveralls testBasket@1.0.0
8 verbose unsafe-perm in lifecycle true
9 info testBasket@1.0.0 Failed to exec coveralls script
10 verbose stack Error: testBasket@1.0.0 coveralls: `npm run cover -- --report lcovonly && cat ./coverage/lcov.info | coveralls`
10 verbose stack Exit status 255
10 verbose stack     at EventEmitter.<anonymous> (D:\Program Files (x86)\nodejs\node_modules\npm\lib\utils\lifecycle.js:213:16)
10 verbose stack     at EventEmitter.emit (events.js:110:17)
10 verbose stack     at ChildProcess.<anonymous> (D:\Program Files (x86)\nodejs\node_modules\npm\lib\utils\spawn.js:14:12)
10 verbose stack     at ChildProcess.emit (events.js:110:17)
10 verbose stack     at maybeClose (child_process.js:1015:16)
10 verbose stack     at Process.ChildProcess._handle.onexit (child_process.js:1087:5)
11 verbose pkgid testBasket@1.0.0
12 verbose cwd D:\I3G\testBasket
13 error Windows_NT 6.1.7601
14 error argv "D:\\Program Files (x86)\\nodejs\\\\node.exe" "D:\\Program Files (x86)\\nodejs\\node_modules\\npm\\bin\\npm-cli.js" "run-script" "coveralls"
15 error node v0.12.2
16 error npm  v2.7.4
17 error code ELIFECYCLE
18 error testBasket@1.0.0 coveralls: `npm run cover -- --report lcovonly && cat ./coverage/lcov.info | coveralls`
18 error Exit status 255
19 error Failed at the testBasket@1.0.0 coveralls script 'npm run cover -- --report lcovonly && cat ./coverage/lcov.info | coveralls'.
19 error This is most likely a problem with the testBasket package,
19 error not with npm itself.
19 error Tell the author that this fails on your system:
19 error     npm run cover -- --report lcovonly && cat ./coverage/lcov.info | coveralls
19 error You can get their info via:
19 error     npm owner ls testBasket
19 error There is likely additional logging output above.
20 verbose exit [ 1, true ]
